000000	          	puts	START   0
000000	B410      			CLEAR   X
000002	03001E    			LDA	expr
000005	53A021    	loop	LDCH    txt, X
000008	4B2009    			JSUB    putc
00000B	2D000B    			TIX     #len
00000E	3B2FF4    			JLT     loop
000011	3F2FFD    	halt	J       halt
000014	DD0001    	putc	WD      #1
000017	4F0000    			RSUB
00001A	0F2017    	nl	STA     nlA
00001D	51000A    			LDCH    #10
000020	4B2FF1    			JSUB    putc
000023	03200E    			LDA     nlA
000026	4F0000    			RSUB
000029	68656C6C6F20776F726C64	txt	BYTE    C'hello world'
000034	          	end	EQU     *
000034	          	len	EQU     end - txt
000034	          	expr	EQU     3 *  (len - 1)
000034	000000    	nlA	WORD	0
000037	          			END     puts
